Gtk-Message: 09:59:59.045: Failed to load module "overlay-scrollbar"
Gtk-Message: 09:59:59.166: Failed to load module "canberra-gtk-module"
WARN: For input string: ""
java.lang.NumberFormatException: For input string: ""
	at java.lang.NumberFormatException.forInputString(NumberFormatException.java:65)
	at java.lang.Integer.parseInt(Integer.java:592)
	at java.lang.Integer.parseInt(Integer.java:615)
	at com.intellij.idea.SocketLock.addExistingPort(SocketLock.java:189)
	at com.intellij.idea.SocketLock.lambda$lock$2(SocketLock.java:133)
	at com.intellij.idea.SocketLock.underLocks(SocketLock.java:181)
	at com.intellij.idea.SocketLock.lock(SocketLock.java:128)
	at com.intellij.idea.StartupUtil.lockSystemFolders(StartupUtil.java:289)
	at com.intellij.idea.StartupUtil.prepareAndStart(StartupUtil.java:123)
	at com.intellij.idea.MainImpl.start(MainImpl.java:34)
	at sun.reflect.NativeMethodAccessorImpl.invoke0(Native Method)
	at sun.reflect.NativeMethodAccessorImpl.invoke(NativeMethodAccessorImpl.java:62)
	at sun.reflect.DelegatingMethodAccessorImpl.invoke(DelegatingMethodAccessorImpl.java:43)
	at java.lang.reflect.Method.invoke(Method.java:498)
	at com.intellij.ide.plugins.PluginManager.lambda$start$0(PluginManager.java:97)
	at java.lang.Thread.run(Thread.java:745)
WARN: For input string: ""
java.lang.NumberFormatException: For input string: ""
	at java.lang.NumberFormatException.forInputString(NumberFormatException.java:65)
	at java.lang.Integer.parseInt(Integer.java:592)
	at java.lang.Integer.parseInt(Integer.java:615)
	at com.intellij.idea.SocketLock.addExistingPort(SocketLock.java:189)
	at com.intellij.idea.SocketLock.lambda$lock$2(SocketLock.java:134)
	at com.intellij.idea.SocketLock.underLocks(SocketLock.java:181)
	at com.intellij.idea.SocketLock.lock(SocketLock.java:128)
	at com.intellij.idea.StartupUtil.lockSystemFolders(StartupUtil.java:289)
	at com.intellij.idea.StartupUtil.prepareAndStart(StartupUtil.java:123)
	at com.intellij.idea.MainImpl.start(MainImpl.java:34)
	at sun.reflect.NativeMethodAccessorImpl.invoke0(Native Method)
	at sun.reflect.NativeMethodAccessorImpl.invoke(NativeMethodAccessorImpl.java:62)
	at sun.reflect.DelegatingMethodAccessorImpl.invoke(DelegatingMethodAccessorImpl.java:43)
	at java.lang.reflect.Method.invoke(Method.java:498)
	at com.intellij.ide.plugins.PluginManager.lambda$start$0(PluginManager.java:97)
	at java.lang.Thread.run(Thread.java:745)
